<?xml version="1.0" encoding="UTF-8"?><testsuite name="nosetests" tests="20" errors="1" failures="0" skip="0"><testcase classname="test_calculatorApp.TestCalculate" name="test_AddChoice" time="0.000"><system-out><![CDATA[Setup .. 
tearDown .. 
]]></system-out></testcase><testcase classname="test_calculatorApp.TestCalculate" name="test_Added" time="0.000"><system-out><![CDATA[Setup .. 
tearDown .. 
]]></system-out></testcase><testcase classname="test_calculatorApp.TestCalculate" name="test_DenominatorZero" time="0.000"><system-out><![CDATA[Setup .. 
You can't divide by zero!
tearDown .. 
]]></system-out></testcase><testcase classname="test_calculatorApp.TestCalculate" name="test_DenominatorZeroInDivideChoice" time="0.000"><error type="builtins.ValueError" message="inputs can not be null&#10;-------------------- &gt;&gt; begin captured stdout &lt;&lt; ---------------------&#10;Setup .. &#10;You can't divide by zero!&#10;inputs can not be null&#10;tearDown .. &#10;&#10;--------------------- &gt;&gt; end captured stdout &lt;&lt; ----------------------"><![CDATA[  File "/Library/Developer/CommandLineTools/Library/Frameworks/Python3.framework/Versions/3.8/lib/python3.8/unittest/case.py", line 60, in testPartExecutor
    yield
  File "/Library/Developer/CommandLineTools/Library/Frameworks/Python3.framework/Versions/3.8/lib/python3.8/unittest/case.py", line 676, in run
    self._callTestMethod(testMethod)
  File "/Library/Developer/CommandLineTools/Library/Frameworks/Python3.framework/Versions/3.8/lib/python3.8/unittest/case.py", line 633, in _callTestMethod
    method()
  File "/Users/omarbanna/Desktop/Github/UnitTestInPython/test_calculatorApp.py", line 86, in test_DenominatorZeroInDivideChoice
    self.assertRaises(ZeroDivisionError, calculate, '4',1,0)
  File "/Library/Developer/CommandLineTools/Library/Frameworks/Python3.framework/Versions/3.8/lib/python3.8/unittest/case.py", line 816, in assertRaises
    return context.handle('assertRaises', args, kwargs)
  File "/Library/Developer/CommandLineTools/Library/Frameworks/Python3.framework/Versions/3.8/lib/python3.8/unittest/case.py", line 202, in handle
    callable_obj(*args, **kwargs)
  File "/Users/omarbanna/Desktop/Github/UnitTestInPython/calculatorApp.py", line 52, in calculate
    raise ValueError("inputs can not be null")
inputs can not be null
-------------------- >> begin captured stdout << ---------------------
Setup .. 
You can't divide by zero!
inputs can not be null
tearDown .. 

--------------------- >> end captured stdout << ----------------------]]></error><system-out><![CDATA[Setup .. 
You can't divide by zero!
inputs can not be null
tearDown .. 
]]></system-out></testcase><testcase classname="test_calculatorApp.TestCalculate" name="test_DivideChoice" time="0.000"><system-out><![CDATA[Setup .. 
tearDown .. 
]]></system-out></testcase><testcase classname="test_calculatorApp.TestCalculate" name="test_Divided" time="0.000"><system-out><![CDATA[Setup .. 
tearDown .. 
]]></system-out></testcase><testcase classname="test_calculatorApp.TestCalculate" name="test_ExitChoiceNo" time="0.000"><system-out><![CDATA[Setup .. 
tearDown .. 
]]></system-out></testcase><testcase classname="test_calculatorApp.TestCalculate" name="test_ExitChoiceYes" time="0.000"><system-out><![CDATA[Setup .. 
tearDown .. 
]]></system-out></testcase><testcase classname="test_calculatorApp.TestCalculate" name="test_InputEmpty" time="0.000"><system-out><![CDATA[Setup .. 
Input can't be empty
tearDown .. 
]]></system-out></testcase><testcase classname="test_calculatorApp.TestCalculate" name="test_InputFloat" time="0.000"><system-out><![CDATA[Setup .. 
tearDown .. 
]]></system-out></testcase><testcase classname="test_calculatorApp.TestCalculate" name="test_InputInt" time="0.000"><system-out><![CDATA[Setup .. 
tearDown .. 
]]></system-out></testcase><testcase classname="test_calculatorApp.TestCalculate" name="test_InputNotNone" time="0.000"><system-out><![CDATA[Setup .. 
inputs can not be null
inputs can not be null
tearDown .. 
]]></system-out></testcase><testcase classname="test_calculatorApp.TestCalculate" name="test_InputNotNum" time="0.000"><system-out><![CDATA[Setup .. 
x input is not a number!
tearDown .. 
]]></system-out></testcase><testcase classname="test_calculatorApp.TestCalculate" name="test_InvalidInputChoice" time="0.000"><system-out><![CDATA[Setup .. 
tearDown .. 
]]></system-out></testcase><testcase classname="test_calculatorApp.TestCalculate" name="test_InvalidInputChoiceInExit" time="0.000"><system-out><![CDATA[Setup .. 
tearDown .. 
]]></system-out></testcase><testcase classname="test_calculatorApp.TestCalculate" name="test_Multiplied" time="0.000"><system-out><![CDATA[Setup .. 
tearDown .. 
]]></system-out></testcase><testcase classname="test_calculatorApp.TestCalculate" name="test_MultiplyChoice" time="0.000"><system-out><![CDATA[Setup .. 
tearDown .. 
]]></system-out></testcase><testcase classname="test_calculatorApp.TestCalculate" name="test_NumeratorZero" time="0.000"><system-out><![CDATA[Setup .. 
tearDown .. 
]]></system-out></testcase><testcase classname="test_calculatorApp.TestCalculate" name="test_SubtractChoice" time="0.000"><system-out><![CDATA[Setup .. 
tearDown .. 
]]></system-out></testcase><testcase classname="test_calculatorApp.TestCalculate" name="test_Subtracted" time="0.000"><system-out><![CDATA[Setup .. 
tearDown .. 
]]></system-out></testcase></testsuite>